<?xml version="1.0" encoding="UTF-8"?>
<testsuite xmlns:xsi="http://www.w3.org/2001/XMLSchema-instance" xsi:noNamespaceSchemaLocation="https://maven.apache.org/surefire/maven-surefire-plugin/xsd/surefire-test-report-3.0.xsd" version="3.0" name="edu.uva.app.linkedlist.singly.singly.LinkedListTest" time="0.295" tests="41" errors="0" skipped="0" failures="0">
  <properties>
[...]
</properties>
  <testcase name="testPeekLastArray" classname="edu.uva.app.linkedlist.singly.singly.LinkedListTest" time="0.012"/>
  <testcase name="testPeekArray" classname="edu.uva.app.linkedlist.singly.singly.LinkedListTest" time="0.002"/>
  <testcase name="testToArray" classname="edu.uva.app.linkedlist.singly.singly.LinkedListTest" time="0.002">
    <system-out><![CDATA[LinkedList: 
( Element: 1 Next: 
( Element: 2 Next: 
( Element: 2 Next: 
( Element: 4 Next: 
( Element: 5))))
1
2
2
4
5
]]></system-out>
  </testcase>
  <testcase name="testAdd" classname="edu.uva.app.linkedlist.singly.singly.LinkedListTest" time="0.008">
    <system-out><![CDATA[LinkedList: 
( Element: 1 Next: 
( Element: 2 Next: 
( Element: 3))
]]></system-out>
  </testcase>
  <testcase name="testSet" classname="edu.uva.app.linkedlist.singly.singly.LinkedListTest" time="0.004">
    <system-out><![CDATA[LinkedList: 
( Element: 1 Next: 
( Element: 2 Next: 
( Element: 2 Next: 
( Element: 4 Next: 
( Element: 5))))
LinkedList: 
( Element: 1 Next: 
( Element: 2 Next: 
( Element: 2 Next: 
( Element: 3 Next: 
( Element: 5))))
]]></system-out>
  </testcase>
  <testcase name="testClear" classname="edu.uva.app.linkedlist.singly.singly.LinkedListTest" time="0.003">
    <system-out><![CDATA[LinkedList: 
( Element: 5 Next: 
( Element: 4 Next: 
( Element: 3 Next: 
( Element: 2 Next: 
( Element: 1))))
LinkedList: Empty
]]></system-out>
  </testcase>
  <testcase name="testAdd2" classname="edu.uva.app.linkedlist.singly.singly.LinkedListTest" time="0.01">
    <system-out><![CDATA[LinkedList: 
( Element: 1 Next: 
( Element: 2 Next: 
( Element: 3 Next: 
( Element: 4 Next: 
( Element: 5))))
]]></system-out>
  </testcase>
  <testcase name="testAdd3" classname="edu.uva.app.linkedlist.singly.singly.LinkedListTest" time="0.002">
    <system-out><![CDATA[LinkedList: 
( Element: 1 Next: 
( Element: 2 Next: 
( Element: 3 Next: 
( Element: 4)))
]]></system-out>
  </testcase>
  <testcase name="testPeek" classname="edu.uva.app.linkedlist.singly.singly.LinkedListTest" time="0.012"/>
  <testcase name="testPoll" classname="edu.uva.app.linkedlist.singly.singly.LinkedListTest" time="0.002">
    <system-out><![CDATA[LinkedList: 
( Element: 2 Next: 
( Element: 3 Next: 
( Element: 4 Next: 
( Element: 5)))
]]></system-out>
  </testcase>
  <testcase name="testSize" classname="edu.uva.app.linkedlist.singly.singly.LinkedListTest" time="0.003">
    <system-out><![CDATA[LinkedList: 
( Element: 1 Next: 
( Element: 2 Next: 
( Element: 2 Next: 
( Element: 4 Next: 
( Element: 5))))
]]></system-out>
  </testcase>
  <testcase name="testSort" classname="edu.uva.app.linkedlist.singly.singly.LinkedListTest" time="0.003">
    <system-out><![CDATA[LinkedList: 
( Element: 3 Next: 
( Element: 7 Next: 
( Element: 2 Next: 
( Element: 1)))
LinkedList: 
( Element: 1 Next: 
( Element: 2 Next: 
( Element: 3 Next: 
( Element: 7)))
]]></system-out>
  </testcase>
  <testcase name="testForEach" classname="edu.uva.app.linkedlist.singly.singly.LinkedListTest" time="0.002">
    <system-out><![CDATA[5
4
3
2
1
]]></system-out>
  </testcase>
  <testcase name="testToString" classname="edu.uva.app.linkedlist.singly.singly.LinkedListTest" time="0.001">
    <system-out><![CDATA[LinkedList: 
( Element: 1 Next: 
( Element: 2 Next: 
( Element: 2 Next: 
( Element: 4 Next: 
( Element: 5))))
]]></system-out>
  </testcase>
  <testcase name="testAddFirst" classname="edu.uva.app.linkedlist.singly.singly.LinkedListTest" time="0.001">
    <system-out><![CDATA[LinkedList: 
( Element: 3 Next: 
( Element: 2 Next: 
( Element: 1))
]]></system-out>
  </testcase>
  <testcase name="testPollLastArray" classname="edu.uva.app.linkedlist.singly.singly.LinkedListTest" time="0.001">
    <system-out><![CDATA[LinkedList: 
( Element: 1 Next: 
( Element: 2 Next: 
( Element: 3))
]]></system-out>
  </testcase>
  <testcase name="testPeekCollection" classname="edu.uva.app.linkedlist.singly.singly.LinkedListTest" time="0.001"/>
  <testcase name="testContains" classname="edu.uva.app.linkedlist.singly.singly.LinkedListTest" time="0.003">
    <system-out><![CDATA[LinkedList: 
( Element: 5 Next: 
( Element: 4 Next: 
( Element: 3 Next: 
( Element: 2 Next: 
( Element: 1))))
]]></system-out>
  </testcase>
  <testcase name="testPollLastCollection" classname="edu.uva.app.linkedlist.singly.singly.LinkedListTest" time="0.001">
    <system-out><![CDATA[LinkedList: 
( Element: 1 Next: 
( Element: 2 Next: 
( Element: 3))
]]></system-out>
  </testcase>
  <testcase name="testContains2" classname="edu.uva.app.linkedlist.singly.singly.LinkedListTest" time="0.007">
    <system-out><![CDATA[LinkedList: 
( Element: 5 Next: 
( Element: 4 Next: 
( Element: 3 Next: 
( Element: 2 Next: 
( Element: 1))))
]]></system-out>
  </testcase>
  <testcase name="testContains3" classname="edu.uva.app.linkedlist.singly.singly.LinkedListTest" time="0.004">
    <system-out><![CDATA[LinkedList: 
( Element: 4 Next: 
( Element: 3 Next: 
( Element: 2 Next: 
( Element: 1)))
]]></system-out>
  </testcase>
  <testcase name="testPollCollection" classname="edu.uva.app.linkedlist.singly.singly.LinkedListTest" time="0.002">
    <system-out><![CDATA[LinkedList: 
( Element: 3 Next: 
( Element: 4 Next: 
( Element: 5))
]]></system-out>
  </testcase>
  <testcase name="testReplace2" classname="edu.uva.app.linkedlist.singly.singly.LinkedListTest" time="0.01">
    <system-out><![CDATA[LinkedList: 
( Element: 2 Next: 
( Element: 2 Next: 
( Element: 2 Next: 
( Element: 2 Next: 
( Element: 2))))
LinkedList: 
( Element: 4 Next: 
( Element: 5 Next: 
( Element: 3 Next: 
( Element: 4 Next: 
( Element: 5))))
]]></system-out>
  </testcase>
  <testcase name="testReplace3" classname="edu.uva.app.linkedlist.singly.singly.LinkedListTest" time="0.006">
    <system-out><![CDATA[LinkedList: 
( Element: 2 Next: 
( Element: 2 Next: 
( Element: 3 Next: 
( Element: 4)))
LinkedList: 
( Element: 4 Next: 
( Element: 4 Next: 
( Element: 3 Next: 
( Element: 4)))
]]></system-out>
  </testcase>
  <testcase name="testAddFirst2" classname="edu.uva.app.linkedlist.singly.singly.LinkedListTest" time="0.002">
    <system-out><![CDATA[LinkedList: 
( Element: 5 Next: 
( Element: 4 Next: 
( Element: 3 Next: 
( Element: 2 Next: 
( Element: 1))))
]]></system-out>
  </testcase>
  <testcase name="testAddFirst3" classname="edu.uva.app.linkedlist.singly.singly.LinkedListTest" time="0.002">
    <system-out><![CDATA[LinkedList: 
( Element: 4 Next: 
( Element: 3 Next: 
( Element: 2 Next: 
( Element: 1)))
]]></system-out>
  </testcase>
  <testcase name="testPollArray" classname="edu.uva.app.linkedlist.singly.singly.LinkedListTest" time="0.027">
    <system-out><![CDATA[LinkedList: 
( Element: 3 Next: 
( Element: 4 Next: 
( Element: 5))
]]></system-out>
  </testcase>
  <testcase name="testRemove2" classname="edu.uva.app.linkedlist.singly.singly.LinkedListTest" time="0.014">
    <system-out><![CDATA[LinkedList: 
( Element: 1 Next: 
( Element: 2 Next: 
( Element: 3 Next: 
( Element: 4 Next: 
( Element: 5))))
LinkedList: Empty
]]></system-out>
  </testcase>
  <testcase name="testRemove3" classname="edu.uva.app.linkedlist.singly.singly.LinkedListTest" time="0.003">
    <system-out><![CDATA[LinkedList: 
( Element: 1 Next: 
( Element: 2 Next: 
( Element: 3 Next: 
( Element: 4)))
LinkedList: Empty
]]></system-out>
  </testcase>
  <testcase name="testRemove4" classname="edu.uva.app.linkedlist.singly.singly.LinkedListTest" time="0.003">
    <system-out><![CDATA[LinkedList: 
( Element: 1 Next: 
( Element: 2 Next: 
( Element: 3 Next: 
( Element: 4 Next: 
( Element: 5))))
LinkedList: 
( Element: 1 Next: 
( Element: 2)
]]></system-out>
  </testcase>
  <testcase name="testReplace" classname="edu.uva.app.linkedlist.singly.singly.LinkedListTest" time="0.003">
    <system-out><![CDATA[LinkedList: 
( Element: 1 Next: 
( Element: 2 Next: 
( Element: 3 Next: 
( Element: 4 Next: 
( Element: 5))))
LinkedList: 
( Element: 1 Next: 
( Element: 3 Next: 
( Element: 3 Next: 
( Element: 4 Next: 
( Element: 5))))
]]></system-out>
  </testcase>
  <testcase name="testRetain2" classname="edu.uva.app.linkedlist.singly.singly.LinkedListTest" time="0.005">
    <system-out><![CDATA[LinkedList: 
( Element: 2 Next: 
( Element: 2 Next: 
( Element: 3 Next: 
( Element: 4)))
LinkedList: 
( Element: 4
]]></system-out>
  </testcase>
  <testcase name="testReverse" classname="edu.uva.app.linkedlist.singly.singly.LinkedListTest" time="0.002">
    <system-out><![CDATA[LinkedList: 
( Element: 1 Next: 
( Element: 2 Next: 
( Element: 2 Next: 
( Element: 4 Next: 
( Element: 5))))
LinkedList: 
( Element: 5 Next: 
( Element: 4 Next: 
( Element: 2 Next: 
( Element: 2 Next: 
( Element: 1))))
]]></system-out>
  </testcase>
  <testcase name="testPeekLast" classname="edu.uva.app.linkedlist.singly.singly.LinkedListTest" time="0.002"/>
  <testcase name="testPollLast" classname="edu.uva.app.linkedlist.singly.singly.LinkedListTest" time="0.002">
    <system-out><![CDATA[LinkedList: 
( Element: 1 Next: 
( Element: 2 Next: 
( Element: 3 Next: 
( Element: 4)))
]]></system-out>
  </testcase>
  <testcase name="testPeekLastCollection" classname="edu.uva.app.linkedlist.singly.singly.LinkedListTest" time="0.002"/>
  <testcase name="testIsEmpty" classname="edu.uva.app.linkedlist.singly.singly.LinkedListTest" time="0.002">
    <system-out><![CDATA[LinkedList: Empty
]]></system-out>
  </testcase>
  <testcase name="testRemove" classname="edu.uva.app.linkedlist.singly.singly.LinkedListTest" time="0.002">
    <system-out><![CDATA[LinkedList: 
( Element: 1 Next: 
( Element: 3 Next: 
( Element: 4 Next: 
( Element: 5)))
]]></system-out>
  </testcase>
  <testcase name="testRetain" classname="edu.uva.app.linkedlist.singly.singly.LinkedListTest" time="0.002">
    <system-out><![CDATA[LinkedList: 
( Element: 1 Next: 
( Element: 2 Next: 
( Element: 2 Next: 
( Element: 4 Next: 
( Element: 5))))
LinkedList: 
( Element: 4 Next: 
( Element: 5)
]]></system-out>
  </testcase>
  <testcase name="testIterator" classname="edu.uva.app.linkedlist.singly.singly.LinkedListTest" time="0.01"/>
  <testcase name="testSubList" classname="edu.uva.app.linkedlist.singly.singly.LinkedListTest" time="0.004">
    <system-out><![CDATA[LinkedList: 
( Element: 1 Next: 
( Element: 2 Next: 
( Element: 2 Next: 
( Element: 4 Next: 
( Element: 5))))
LinkedList: 
( Element: 2 Next: 
( Element: 2 Next: 
( Element: 4))
]]></system-out>
  </testcase>
</testsuite>